2015-10-11 00:44:03,282+0000 INFO  [RepositoryStatusChecker-codehaus-snapshots] *SYSTEM org.sonatype.nexus.proxy.maven.maven2.M2Repository-codehaus-snapshots - Next attempt to auto-unblock the "Codehaus Snapshots" (id=codehaus-snapshots) repository by checking its remote peer health will occur in 1 hour 36 minutes.
2015-10-11 00:57:47,226+0000 INFO  [Thread-24] *SYSTEM org.apache.shiro.session.mgt.AbstractValidatingSessionManager - Validating all active sessions...
2015-10-11 00:57:47,228+0000 INFO  [Thread-24] *SYSTEM org.apache.shiro.session.mgt.AbstractValidatingSessionManager - Finished session validation.  No sessions were stopped.
2015-10-11 01:57:47,227+0000 INFO  [Thread-24] *SYSTEM org.apache.shiro.session.mgt.AbstractValidatingSessionManager - Validating all active sessions...
2015-10-11 01:57:47,227+0000 INFO  [Thread-24] *SYSTEM org.apache.shiro.session.mgt.AbstractValidatingSessionManager - Finished session validation.  No sessions were stopped.
2015-10-11 02:20:03,291+0000 INFO  [RepositoryStatusChecker-codehaus-snapshots] *SYSTEM org.sonatype.nexus.proxy.maven.maven2.M2Repository-codehaus-snapshots - Next attempt to auto-unblock the "Codehaus Snapshots" (id=codehaus-snapshots) repository by checking its remote peer health will occur in 1 hour 36 minutes.
2015-10-11 02:57:47,226+0000 INFO  [Thread-24] *SYSTEM org.apache.shiro.session.mgt.AbstractValidatingSessionManager - Validating all active sessions...
2015-10-11 02:57:47,227+0000 INFO  [Thread-24] *SYSTEM org.apache.shiro.session.mgt.AbstractValidatingSessionManager - Finished session validation.  No sessions were stopped.
2015-10-11 03:56:03,291+0000 INFO  [RepositoryStatusChecker-codehaus-snapshots] *SYSTEM org.sonatype.nexus.proxy.maven.maven2.M2Repository-codehaus-snapshots - Next attempt to auto-unblock the "Codehaus Snapshots" (id=codehaus-snapshots) repository by checking its remote peer health will occur in 1 hour 36 minutes.
2015-10-11 03:57:47,226+0000 INFO  [Thread-24] *SYSTEM org.apache.shiro.session.mgt.AbstractValidatingSessionManager - Validating all active sessions...
2015-10-11 03:57:47,226+0000 INFO  [Thread-24] *SYSTEM org.apache.shiro.session.mgt.AbstractValidatingSessionManager - Finished session validation.  No sessions were stopped.
2015-10-11 04:57:47,226+0000 INFO  [Thread-24] *SYSTEM org.apache.shiro.session.mgt.AbstractValidatingSessionManager - Validating all active sessions...
2015-10-11 04:57:47,226+0000 INFO  [Thread-24] *SYSTEM org.apache.shiro.session.mgt.AbstractValidatingSessionManager - Finished session validation.  No sessions were stopped.
2015-10-11 05:32:03,293+0000 INFO  [RepositoryStatusChecker-codehaus-snapshots] *SYSTEM org.sonatype.nexus.proxy.maven.maven2.M2Repository-codehaus-snapshots - Next attempt to auto-unblock the "Codehaus Snapshots" (id=codehaus-snapshots) repository by checking its remote peer health will occur in 1 hour 36 minutes.
2015-10-11 05:57:47,226+0000 INFO  [Thread-24] *SYSTEM org.apache.shiro.session.mgt.AbstractValidatingSessionManager - Validating all active sessions...
2015-10-11 05:57:47,230+0000 INFO  [Thread-24] *SYSTEM org.apache.shiro.session.mgt.AbstractValidatingSessionManager - Finished session validation.  No sessions were stopped.
2015-10-11 06:57:47,226+0000 INFO  [Thread-24] *SYSTEM org.apache.shiro.session.mgt.AbstractValidatingSessionManager - Validating all active sessions...
2015-10-11 06:57:47,227+0000 INFO  [Thread-24] *SYSTEM org.apache.shiro.session.mgt.AbstractValidatingSessionManager - Finished session validation.  No sessions were stopped.
2015-10-11 07:08:03,294+0000 INFO  [RepositoryStatusChecker-codehaus-snapshots] *SYSTEM org.sonatype.nexus.proxy.maven.maven2.M2Repository-codehaus-snapshots - Next attempt to auto-unblock the "Codehaus Snapshots" (id=codehaus-snapshots) repository by checking its remote peer health will occur in 1 hour 36 minutes.
2015-10-11 07:57:47,226+0000 INFO  [Thread-24] *SYSTEM org.apache.shiro.session.mgt.AbstractValidatingSessionManager - Validating all active sessions...
2015-10-11 07:57:47,228+0000 INFO  [Thread-24] *SYSTEM org.apache.shiro.session.mgt.AbstractValidatingSessionManager - Finished session validation.  No sessions were stopped.
2015-10-11 08:44:03,295+0000 INFO  [RepositoryStatusChecker-codehaus-snapshots] *SYSTEM org.sonatype.nexus.proxy.maven.maven2.M2Repository-codehaus-snapshots - Next attempt to auto-unblock the "Codehaus Snapshots" (id=codehaus-snapshots) repository by checking its remote peer health will occur in 1 hour 36 minutes.
2015-10-11 08:57:47,226+0000 INFO  [Thread-24] *SYSTEM org.apache.shiro.session.mgt.AbstractValidatingSessionManager - Validating all active sessions...
2015-10-11 08:57:47,227+0000 INFO  [Thread-24] *SYSTEM org.apache.shiro.session.mgt.AbstractValidatingSessionManager - Finished session validation.  No sessions were stopped.
2015-10-11 09:57:47,226+0000 INFO  [Thread-24] *SYSTEM org.apache.shiro.session.mgt.AbstractValidatingSessionManager - Validating all active sessions...
2015-10-11 09:57:47,226+0000 INFO  [Thread-24] *SYSTEM org.apache.shiro.session.mgt.AbstractValidatingSessionManager - Finished session validation.  No sessions were stopped.
2015-10-11 10:20:03,295+0000 INFO  [RepositoryStatusChecker-codehaus-snapshots] *SYSTEM org.sonatype.nexus.proxy.maven.maven2.M2Repository-codehaus-snapshots - Next attempt to auto-unblock the "Codehaus Snapshots" (id=codehaus-snapshots) repository by checking its remote peer health will occur in 1 hour 36 minutes.
2015-10-11 10:57:47,226+0000 INFO  [Thread-24] *SYSTEM org.apache.shiro.session.mgt.AbstractValidatingSessionManager - Validating all active sessions...
2015-10-11 10:57:47,227+0000 INFO  [Thread-24] *SYSTEM org.apache.shiro.session.mgt.AbstractValidatingSessionManager - Finished session validation.  No sessions were stopped.
2015-10-11 11:56:03,296+0000 INFO  [RepositoryStatusChecker-codehaus-snapshots] *SYSTEM org.sonatype.nexus.proxy.maven.maven2.M2Repository-codehaus-snapshots - Next attempt to auto-unblock the "Codehaus Snapshots" (id=codehaus-snapshots) repository by checking its remote peer health will occur in 1 hour 36 minutes.
2015-10-11 11:57:47,226+0000 INFO  [Thread-24] *SYSTEM org.apache.shiro.session.mgt.AbstractValidatingSessionManager - Validating all active sessions...
2015-10-11 11:57:47,227+0000 INFO  [Thread-24] *SYSTEM org.apache.shiro.session.mgt.AbstractValidatingSessionManager - Finished session validation.  No sessions were stopped.
2015-10-11 12:57:47,226+0000 INFO  [Thread-24] *SYSTEM org.apache.shiro.session.mgt.AbstractValidatingSessionManager - Validating all active sessions...
2015-10-11 12:57:47,227+0000 INFO  [Thread-24] *SYSTEM org.apache.shiro.session.mgt.AbstractValidatingSessionManager - Finished session validation.  No sessions were stopped.
2015-10-11 13:32:03,297+0000 INFO  [RepositoryStatusChecker-codehaus-snapshots] *SYSTEM org.sonatype.nexus.proxy.maven.maven2.M2Repository-codehaus-snapshots - Next attempt to auto-unblock the "Codehaus Snapshots" (id=codehaus-snapshots) repository by checking its remote peer health will occur in 1 hour 36 minutes.
2015-10-11 13:57:47,226+0000 INFO  [Thread-24] *SYSTEM org.apache.shiro.session.mgt.AbstractValidatingSessionManager - Validating all active sessions...
2015-10-11 13:57:47,227+0000 INFO  [Thread-24] *SYSTEM org.apache.shiro.session.mgt.AbstractValidatingSessionManager - Finished session validation.  No sessions were stopped.
2015-10-11 14:50:10,747+0000 INFO  [SIGTERM handler]  com.orientechnologies.orient.core.OSignalHandler - Received signal: SIGTERM
2015-10-11 14:50:10,766+0000 INFO  [Thread-2] *SYSTEM org.eclipse.jetty.server.Server - Graceful shutdown InstrumentedSelectChannelConnector@0.0.0.0:8081
2015-10-11 14:50:10,768+0000 INFO  [Thread-2] *SYSTEM org.eclipse.jetty.server.Server - Graceful shutdown o.e.j.w.WebAppContext{/,file:/opt/sonatype/nexus/nexus/},/opt/sonatype/nexus/nexus
2015-10-11 14:50:11,780+0000 INFO  [Thread-2] *SYSTEM org.sonatype.nexus.webapp.WebappBootstrap - Destroying
2015-10-11 14:50:11,788+0000 INFO  [Thread-2] *SYSTEM org.sonatype.nexus.NxApplication - Uptime: 19 hours, 53 minutes, 47 seconds and 903 milliseconds
2015-10-11 14:50:11,790+0000 INFO  [Thread-2] *SYSTEM org.sonatype.scheduling.DefaultScheduler - Shutting down Scheduler...
2015-10-11 14:50:11,790+0000 INFO  [Thread-2] *SYSTEM com.bolyuba.nexus.plugin.npm.service.internal.orient.OrientMetadataStore - Closing pool: com.orientechnologies.orient.core.db.OPartitionedDatabasePool@7362f4ae
2015-10-11 14:50:11,843+0000 INFO  [Thread-2] *SYSTEM org.sonatype.nexus.index.DefaultIndexerManager - Shutting down Nexus IndexerManager
2015-10-11 14:50:11,860+0000 INFO  [Thread-2] *SYSTEM org.sonatype.nexus.timeline.DefaultNexusTimeline - Stopping Nexus Timeline...
2015-10-11 14:50:11,864+0000 INFO  [Thread-2] *SYSTEM org.sonatype.timeline.internal.DefaultTimeline - Stopped Timeline...
2015-10-11 14:50:11,867+0000 INFO  [Thread-2] *SYSTEM org.sonatype.nexus.apachehttpclient.Hc4ProviderImpl - Stopped
2015-10-11 14:50:11,872+0000 INFO  [Thread-2] *SYSTEM org.sonatype.nexus.events.EventSubscriberHost - Stopping
2015-10-11 14:50:11,876+0000 INFO  [Thread-2] *SYSTEM org.apache.shiro.session.mgt.AbstractValidatingSessionManager - Disabled session validation scheduler.
2015-10-11 14:50:11,876+0000 INFO  [Thread-2] *SYSTEM org.sonatype.nexus.NxApplication - Stopped Sonatype Nexus 2.11.4-01
2015-10-11 14:50:11,895+0000 INFO  [Thread-2] *SYSTEM org.sonatype.nexus.webapp.WebappBootstrap - Destroyed
2015-10-11 14:50:11,896+0000 INFO  [Thread-2] *SYSTEM org.eclipse.jetty.server.handler.ContextHandler - stopped o.e.j.w.WebAppContext{/,file:/opt/sonatype/nexus/nexus/},/opt/sonatype/nexus/nexus
